<?xml version="1.0" encoding="UTF-8"?>
<testng-results ignored="0" total="1" passed="1" failed="0" skipped="0">
  <reporter-output>
  </reporter-output>
  <suite started-at="2023-10-12T14:47:12 IST" name="Default suite" finished-at="2023-10-12T14:48:07 IST" duration-ms="55561">
    <groups>
    </groups>
    <test started-at="2023-10-12T14:47:12 IST" name="Default test" finished-at="2023-10-12T14:48:07 IST" duration-ms="55561">
      <class name="testcases.AddToCartProduct">
        <test-method signature="addtocart()[pri:0, instance:testcases.AddToCartProduct@128d2484]" started-at="2023-10-12T14:47:12 IST" name="addtocart" finished-at="2023-10-12T14:48:07 IST" duration-ms="55462" status="PASS">
          <reporter-output>
          </reporter-output>
        </test-method> <!-- addtocart -->
      </class> <!-- testcases.AddToCartProduct -->
    </test> <!-- Default test -->
  </suite> <!-- Default suite -->
</testng-results>
